<?xml version="1.0" encoding="UTF-8"?>
<testng-results ignored="0" total="8" passed="6" failed="1" skipped="1">
  <reporter-output>
  </reporter-output>
  <suite started-at="2022-09-29T23:43:51 IST" name="Suite" finished-at="2022-09-29T23:44:10 IST" duration-ms="18599">
    <groups>
      <group name="Chrome">
        <method signature="GroupTest.launchChrome()[pri:0, instance:com.simplilearn.testng.GroupTest@13e344d]" name="launchChrome" class="com.simplilearn.testng.GroupTest"/>
        <method signature="GroupTest.loginWithChrome()[pri:0, instance:com.simplilearn.testng.GroupTest@13e344d]" name="loginWithChrome" class="com.simplilearn.testng.GroupTest"/>
      </group> <!-- Chrome -->
      <group name="Firefox">
        <method signature="GroupTest.launchFireFox()[pri:0, instance:com.simplilearn.testng.GroupTest@13e344d]" name="launchFireFox" class="com.simplilearn.testng.GroupTest"/>
        <method signature="GroupTest.loginWithFireFox()[pri:0, instance:com.simplilearn.testng.GroupTest@13e344d]" name="loginWithFireFox" class="com.simplilearn.testng.GroupTest"/>
      </group> <!-- Firefox -->
    </groups>
    <test started-at="2022-09-29T23:43:51 IST" name="Test" finished-at="2022-09-29T23:44:10 IST" duration-ms="18599">
      <class name="com.simplilearn.testng.AssertionExample">
        <test-method is-config="true" signature="beforeMethod()[pri:0, instance:com.simplilearn.testng.AssertionExample@2794eab6]" started-at="2022-09-29T23:43:51 IST" name="beforeMethod" finished-at="2022-09-29T23:43:56 IST" duration-ms="4663" status="PASS">
          <reporter-output>
          </reporter-output>
        </test-method> <!-- beforeMethod -->
        <test-method signature="TitleTest()[pri:0, instance:com.simplilearn.testng.AssertionExample@2794eab6]" started-at="2022-09-29T23:43:56 IST" name="TitleTest" finished-at="2022-09-29T23:43:58 IST" duration-ms="1690" status="PASS">
          <reporter-output>
          </reporter-output>
        </test-method> <!-- TitleTest -->
        <test-method is-config="true" signature="afterMethod()[pri:0, instance:com.simplilearn.testng.AssertionExample@2794eab6]" started-at="2022-09-29T23:43:58 IST" name="afterMethod" finished-at="2022-09-29T23:43:58 IST" duration-ms="2" status="PASS">
          <reporter-output>
          </reporter-output>
        </test-method> <!-- afterMethod -->
      </class> <!-- com.simplilearn.testng.AssertionExample -->
      <class name="com.simplilearn.testng.FirstDemo">
        <test-method is-config="true" signature="beforeSuite()[pri:0, instance:com.simplilearn.testng.FirstDemo@229c6181]" started-at="2022-09-29T23:43:51 IST" name="beforeSuite" finished-at="2022-09-29T23:43:51 IST" duration-ms="19" status="PASS">
          <reporter-output>
          </reporter-output>
        </test-method> <!-- beforeSuite -->
        <test-method is-config="true" signature="beforeTest()[pri:0, instance:com.simplilearn.testng.FirstDemo@229c6181]" started-at="2022-09-29T23:43:51 IST" name="beforeTest" finished-at="2022-09-29T23:43:51 IST" duration-ms="1" status="PASS">
          <reporter-output>
          </reporter-output>
        </test-method> <!-- beforeTest -->
        <test-method is-config="true" signature="beforeClass()[pri:0, instance:com.simplilearn.testng.FirstDemo@229c6181]" started-at="2022-09-29T23:43:51 IST" name="beforeClass" finished-at="2022-09-29T23:43:51 IST" duration-ms="1" status="PASS">
          <reporter-output>
          </reporter-output>
        </test-method> <!-- beforeClass -->
        <test-method is-config="true" signature="beforeMethod()[pri:0, instance:com.simplilearn.testng.FirstDemo@229c6181]" started-at="2022-09-29T23:43:51 IST" name="beforeMethod" finished-at="2022-09-29T23:43:51 IST" duration-ms="2" status="PASS">
          <reporter-output>
          </reporter-output>
        </test-method> <!-- beforeMethod -->
        <test-method signature="Hello()[pri:0, instance:com.simplilearn.testng.FirstDemo@229c6181]" started-at="2022-09-29T23:43:51 IST" name="Hello" finished-at="2022-09-29T23:43:51 IST" duration-ms="15" status="PASS">
          <reporter-output>
          </reporter-output>
        </test-method> <!-- Hello -->
        <test-method is-config="true" signature="afterMethod()[pri:0, instance:com.simplilearn.testng.FirstDemo@229c6181]" started-at="2022-09-29T23:43:51 IST" name="afterMethod" finished-at="2022-09-29T23:43:51 IST" duration-ms="1" status="PASS">
          <reporter-output>
          </reporter-output>
        </test-method> <!-- afterMethod -->
        <test-method signature="Hello1()[pri:0, instance:com.simplilearn.testng.FirstDemo@229c6181]" started-at="2022-09-29T23:43:51 IST" name="Hello1" finished-at="2022-09-29T23:43:51 IST" duration-ms="3" status="PASS">
          <reporter-output>
          </reporter-output>
        </test-method> <!-- Hello1 -->
        <test-method is-config="true" signature="beforeMethod()[pri:0, instance:com.simplilearn.testng.FirstDemo@229c6181]" started-at="2022-09-29T23:43:51 IST" name="beforeMethod" finished-at="2022-09-29T23:43:51 IST" duration-ms="0" status="PASS">
          <reporter-output>
          </reporter-output>
        </test-method> <!-- beforeMethod -->
        <test-method is-config="true" signature="afterMethod()[pri:0, instance:com.simplilearn.testng.FirstDemo@229c6181]" started-at="2022-09-29T23:43:51 IST" name="afterMethod" finished-at="2022-09-29T23:43:51 IST" duration-ms="0" status="PASS">
          <reporter-output>
          </reporter-output>
        </test-method> <!-- afterMethod -->
        <test-method is-config="true" signature="afterClass()[pri:0, instance:com.simplilearn.testng.FirstDemo@229c6181]" started-at="2022-09-29T23:43:51 IST" name="afterClass" finished-at="2022-09-29T23:43:51 IST" duration-ms="2" status="PASS">
          <reporter-output>
          </reporter-output>
        </test-method> <!-- afterClass -->
        <test-method is-config="true" signature="afterTest()[pri:0, instance:com.simplilearn.testng.FirstDemo@229c6181]" started-at="2022-09-29T23:44:10 IST" name="afterTest" finished-at="2022-09-29T23:44:10 IST" duration-ms="0" status="PASS">
          <reporter-output>
          </reporter-output>
        </test-method> <!-- afterTest -->
        <test-method is-config="true" signature="afterSuite()[pri:0, instance:com.simplilearn.testng.FirstDemo@229c6181]" started-at="2022-09-29T23:44:10 IST" name="afterSuite" finished-at="2022-09-29T23:44:10 IST" duration-ms="0" status="PASS">
          <reporter-output>
          </reporter-output>
        </test-method> <!-- afterSuite -->
      </class> <!-- com.simplilearn.testng.FirstDemo -->
      <class name="com.simplilearn.testng.GroupTest">
        <test-method signature="launchChrome()[pri:0, instance:com.simplilearn.testng.GroupTest@13e344d]" started-at="2022-09-29T23:43:58 IST" name="launchChrome" finished-at="2022-09-29T23:44:04 IST" duration-ms="6514" status="PASS">
          <reporter-output>
          </reporter-output>
        </test-method> <!-- launchChrome -->
        <test-method signature="launchFireFox()[pri:0, instance:com.simplilearn.testng.GroupTest@13e344d]" started-at="2022-09-29T23:44:04 IST" name="launchFireFox" finished-at="2022-09-29T23:44:04 IST" duration-ms="24" status="FAIL">
          <exception class="java.lang.IllegalStateException">
            <message>
              <![CDATA[The driver executable must exist: D:\Phase-5\geckodriver-v0.31.0-win64_new\geckodriver.exe]]>
            </message>
            <full-stacktrace>
              <![CDATA[java.lang.IllegalStateException: The driver executable must exist: D:\Phase-5\geckodriver-v0.31.0-win64_new\geckodriver.exe
at org.openqa.selenium.internal.Require$FileStateChecker.isFile(Require.java:342)
at org.openqa.selenium.remote.service.DriverService.checkExecutable(DriverService.java:147)
at org.openqa.selenium.remote.service.DriverService.findExecutable(DriverService.java:142)
at org.openqa.selenium.firefox.GeckoDriverService.access$100(GeckoDriverService.java:45)
at org.openqa.selenium.firefox.GeckoDriverService$Builder.findDefaultExecutable(GeckoDriverService.java:181)
at org.openqa.selenium.remote.service.DriverService$Builder.build(DriverService.java:437)
at org.openqa.selenium.firefox.GeckoDriverService.createDefaultService(GeckoDriverService.java:94)
at org.openqa.selenium.firefox.FirefoxDriver.<init>(FirefoxDriver.java:98)
at org.openqa.selenium.firefox.FirefoxDriver.<init>(FirefoxDriver.java:94)
at com.simplilearn.testng.GroupTest.launchFireFox(GroupTest.java:43)
at java.base/jdk.internal.reflect.NativeMethodAccessorImpl.invoke0(Native Method)
at java.base/jdk.internal.reflect.NativeMethodAccessorImpl.invoke(NativeMethodAccessorImpl.java:77)
at java.base/jdk.internal.reflect.DelegatingMethodAccessorImpl.invoke(DelegatingMethodAccessorImpl.java:43)
at java.base/java.lang.reflect.Method.invoke(Method.java:568)
at org.testng.internal.invokers.MethodInvocationHelper.invokeMethod(MethodInvocationHelper.java:139)
at org.testng.internal.invokers.TestInvoker.invokeMethod(TestInvoker.java:677)
at org.testng.internal.invokers.TestInvoker.invokeTestMethod(TestInvoker.java:221)
at org.testng.internal.invokers.MethodRunner.runInSequence(MethodRunner.java:50)
at org.testng.internal.invokers.TestInvoker$MethodInvocationAgent.invoke(TestInvoker.java:962)
at org.testng.internal.invokers.TestInvoker.invokeTestMethods(TestInvoker.java:194)
at org.testng.internal.invokers.TestMethodWorker.invokeTestMethods(TestMethodWorker.java:148)
at org.testng.internal.invokers.TestMethodWorker.run(TestMethodWorker.java:128)
at java.base/java.util.ArrayList.forEach(ArrayList.java:1511)
at org.testng.TestRunner.privateRun(TestRunner.java:806)
at org.testng.TestRunner.run(TestRunner.java:601)
at org.testng.SuiteRunner.runTest(SuiteRunner.java:433)
at org.testng.SuiteRunner.runSequentially(SuiteRunner.java:427)
at org.testng.SuiteRunner.privateRun(SuiteRunner.java:387)
at org.testng.SuiteRunner.run(SuiteRunner.java:330)
at org.testng.SuiteRunnerWorker.runSuite(SuiteRunnerWorker.java:52)
at org.testng.SuiteRunnerWorker.run(SuiteRunnerWorker.java:95)
at org.testng.TestNG.runSuitesSequentially(TestNG.java:1256)
at org.testng.TestNG.runSuitesLocally(TestNG.java:1176)
at org.testng.TestNG.runSuites(TestNG.java:1099)
at org.testng.TestNG.run(TestNG.java:1067)
at org.testng.remote.AbstractRemoteTestNG.run(AbstractRemoteTestNG.java:115)
at org.testng.remote.RemoteTestNG.initAndRun(RemoteTestNG.java:251)
at org.testng.remote.RemoteTestNG.main(RemoteTestNG.java:77)
]]>
            </full-stacktrace>
          </exception> <!-- java.lang.IllegalStateException -->
          <reporter-output>
          </reporter-output>
        </test-method> <!-- launchFireFox -->
        <test-method signature="loginWithChrome()[pri:0, instance:com.simplilearn.testng.GroupTest@13e344d]" started-at="2022-09-29T23:44:04 IST" name="loginWithChrome" finished-at="2022-09-29T23:44:05 IST" depends-on-methods="com.simplilearn.testng.GroupTest.launchChrome" duration-ms="459" status="PASS">
          <reporter-output>
          </reporter-output>
        </test-method> <!-- loginWithChrome -->
        <test-method signature="loginWithFireFox()[pri:0, instance:com.simplilearn.testng.GroupTest@13e344d]" started-at="2022-09-29T23:44:05 IST" name="loginWithFireFox" finished-at="2022-09-29T23:44:05 IST" depends-on-methods="com.simplilearn.testng.GroupTest.launchFireFox" duration-ms="1" status="SKIP">
          <exception class="java.lang.Throwable">
            <message>
              <![CDATA[Method com.simplilearn.testng.GroupTest.loginWithFireFox() on instance com.simplilearn.testng.GroupTest@13e344d depends on not successfully finished methods 
[com.simplilearn.testng.GroupTest.launchFireFox() on instance com.simplilearn.testng.GroupTest@13e344d]]]>
            </message>
            <full-stacktrace>
              <![CDATA[java.lang.Throwable: Method com.simplilearn.testng.GroupTest.loginWithFireFox() on instance com.simplilearn.testng.GroupTest@13e344d depends on not successfully finished methods 
[com.simplilearn.testng.GroupTest.launchFireFox() on instance com.simplilearn.testng.GroupTest@13e344d]
at org.testng.internal.invokers.TestInvoker.invokeTestMethods(TestInvoker.java:150)
at org.testng.internal.invokers.TestMethodWorker.invokeTestMethods(TestMethodWorker.java:148)
at org.testng.internal.invokers.TestMethodWorker.run(TestMethodWorker.java:128)
at java.base/java.util.ArrayList.forEach(ArrayList.java:1511)
at org.testng.TestRunner.privateRun(TestRunner.java:806)
at org.testng.TestRunner.run(TestRunner.java:601)
at org.testng.SuiteRunner.runTest(SuiteRunner.java:433)
at org.testng.SuiteRunner.runSequentially(SuiteRunner.java:427)
at org.testng.SuiteRunner.privateRun(SuiteRunner.java:387)
at org.testng.SuiteRunner.run(SuiteRunner.java:330)
at org.testng.SuiteRunnerWorker.runSuite(SuiteRunnerWorker.java:52)
at org.testng.SuiteRunnerWorker.run(SuiteRunnerWorker.java:95)
at org.testng.TestNG.runSuitesSequentially(TestNG.java:1256)
at org.testng.TestNG.runSuitesLocally(TestNG.java:1176)
at org.testng.TestNG.runSuites(TestNG.java:1099)
at org.testng.TestNG.run(TestNG.java:1067)
at org.testng.remote.AbstractRemoteTestNG.run(AbstractRemoteTestNG.java:115)
at org.testng.remote.RemoteTestNG.initAndRun(RemoteTestNG.java:251)
at org.testng.remote.RemoteTestNG.main(RemoteTestNG.java:77)
]]>
            </full-stacktrace>
          </exception> <!-- java.lang.Throwable -->
          <reporter-output>
          </reporter-output>
        </test-method> <!-- loginWithFireFox -->
      </class> <!-- com.simplilearn.testng.GroupTest -->
      <class name="com.simplilearn.testng.FacebookLogin">
        <test-method is-config="true" signature="beforeMethod()[pri:0, instance:com.simplilearn.testng.FacebookLogin@1ffaf86]" started-at="2022-09-29T23:44:05 IST" name="beforeMethod" finished-at="2022-09-29T23:44:07 IST" duration-ms="2342" status="PASS">
          <reporter-output>
          </reporter-output>
        </test-method> <!-- beforeMethod -->
        <test-method signature="facebook()[pri:0, instance:com.simplilearn.testng.FacebookLogin@1ffaf86]" started-at="2022-09-29T23:44:07 IST" name="facebook" finished-at="2022-09-29T23:44:10 IST" duration-ms="2721" status="PASS">
          <reporter-output>
          </reporter-output>
        </test-method> <!-- facebook -->
        <test-method is-config="true" signature="afterMethod()[pri:0, instance:com.simplilearn.testng.FacebookLogin@1ffaf86]" started-at="2022-09-29T23:44:10 IST" name="afterMethod" finished-at="2022-09-29T23:44:10 IST" duration-ms="0" status="PASS">
          <reporter-output>
          </reporter-output>
        </test-method> <!-- afterMethod -->
      </class> <!-- com.simplilearn.testng.FacebookLogin -->
    </test> <!-- Test -->
  </suite> <!-- Suite -->
</testng-results>
